<?xml version="1.0" encoding="UTF-8"?>
<testsuite xmlns:xsi="http://www.w3.org/2001/XMLSchema-instance" xsi:noNamespaceSchemaLocation="https://maven.apache.org/surefire/maven-surefire-plugin/xsd/surefire-test-report.xsd" name="ro.peViitor.LandingPageTest" time="8.797" tests="17" errors="0" skipped="0" failures="0">
  <properties>
[...]
</properties>
  <testcase name="isHomepage" classname="ro.peViitor.LandingPageTest" time="0.021"/>
  <testcase name="join_FontStyle" classname="ro.peViitor.LandingPageTest" time="0.022"/>
  <testcase name="join_characters" classname="ro.peViitor.LandingPageTest" time="0.026"/>
  <testcase name="join_color" classname="ro.peViitor.LandingPageTest" time="0.018"/>
  <testcase name="join_font_Size" classname="ro.peViitor.LandingPageTest" time="0.017"/>
  <testcase name="join_font_weight" classname="ro.peViitor.LandingPageTest" time="0.022"/>
  <testcase name="join_letter_spacing" classname="ro.peViitor.LandingPageTest" time="0.017"/>
  <testcase name="join_tap" classname="ro.peViitor.LandingPageTest" time="2.046"/>
  <testcase name="search_BColor" classname="ro.peViitor.LandingPageTest" time="0.021"/>
  <testcase name="search_Center" classname="ro.peViitor.LandingPageTest" time="0.016"/>
  <testcase name="search_Margin" classname="ro.peViitor.LandingPageTest" time="0.016"/>
  <testcase name="search_border_Radius" classname="ro.peViitor.LandingPageTest" time="0.016"/>
  <testcase name="search_fontStyle" classname="ro.peViitor.LandingPageTest" time="0.019"/>
  <testcase name="search_height" classname="ro.peViitor.LandingPageTest" time="0.017"/>
  <testcase name="search_tap" classname="ro.peViitor.LandingPageTest" time="1.582"/>
  <testcase name="search_text_color" classname="ro.peViitor.LandingPageTest" time="0.016"/>
  <testcase name="search_visible" classname="ro.peViitor.LandingPageTest" time="0.029"/>
</testsuite>