<?xml version="1.0" encoding="UTF-8"?>
<testng-results ignored="0" total="1" passed="1" failed="0" skipped="0">
  <reporter-output>
  </reporter-output>
  <suite started-at="2023-02-19T13:52:49 EET" name="Surefire suite" finished-at="2023-02-19T13:52:54 EET" duration-ms="5440">
    <groups>
      <group name="cucumber">
        <method signature="AbstractTestNGCucumberTests.runScenario(io.cucumber.testng.PickleWrapper,io.cucumber.testng.FeatureWrapper)[pri:0, instance:ro.peviitor.runners.TestRunner@2aa5fe93]" name="runScenario" class="io.cucumber.testng.AbstractTestNGCucumberTests"/>
      </group> <!-- cucumber -->
    </groups>
    <test started-at="2023-02-19T13:52:49 EET" name="Surefire test" finished-at="2023-02-19T13:52:54 EET" duration-ms="5440">
      <class name="ro.peviitor.runners.TestRunner">
        <test-method is-config="true" signature="setUpClass(org.testng.ITestContext)[pri:0, instance:ro.peviitor.runners.TestRunner@2aa5fe93]" started-at="2023-02-19T13:52:49 EET" name="setUpClass" finished-at="2023-02-19T13:52:49 EET" duration-ms="641" status="PASS">
          <params>
            <param index="0">
              <value>
                <![CDATA[org.testng.TestRunner@61bb1e4d]]>
              </value>
            </param>
          </params>
          <reporter-output>
          </reporter-output>
        </test-method> <!-- setUpClass -->
        <test-method signature="runScenario(io.cucumber.testng.PickleWrapper,io.cucumber.testng.FeatureWrapper)[pri:0, instance:ro.peviitor.runners.TestRunner@2aa5fe93]" started-at="2023-02-19T13:52:49 EET" name="runScenario" description="Runs Cucumber Scenarios" data-provider="scenarios" finished-at="2023-02-19T13:52:54 EET" duration-ms="4746" status="PASS">
          <params>
            <param index="0">
              <value>
                <![CDATA["Checking the homepage title"]]>
              </value>
            </param>
            <param index="1">
              <value>
                <![CDATA["Homepage title"]]>
              </value>
            </param>
          </params>
          <reporter-output>
          </reporter-output>
        </test-method> <!-- runScenario -->
        <test-method is-config="true" signature="tearDownClass()[pri:0, instance:ro.peviitor.runners.TestRunner@2aa5fe93]" started-at="2023-02-19T13:52:54 EET" name="tearDownClass" finished-at="2023-02-19T13:52:54 EET" duration-ms="20" status="PASS">
          <reporter-output>
          </reporter-output>
        </test-method> <!-- tearDownClass -->
      </class> <!-- ro.peviitor.runners.TestRunner -->
    </test> <!-- Surefire test -->
  </suite> <!-- Surefire suite -->
</testng-results>
