<?xml version="1.0" encoding="UTF-8"?>
<testng-results ignored="1" total="18" passed="17" failed="0" skipped="0">
  <reporter-output>
  </reporter-output>
  <suite started-at="2022-12-19T11:23:18 EET" name="Surefire suite" finished-at="2022-12-19T11:23:26 EET" duration-ms="7589">
    <groups>
    </groups>
    <test started-at="2022-12-19T11:23:18 EET" name="Surefire test" finished-at="2022-12-19T11:23:26 EET" duration-ms="7589">
      <class name="ro.peViitor.LandingPageTest">
        <test-method is-config="true" signature="startUp()[pri:0, instance:ro.peViitor.LandingPageTest@65ae095c]" started-at="2022-12-19T11:23:19 EET" name="startUp" finished-at="2022-12-19T11:23:22 EET" duration-ms="3343" status="PASS">
          <reporter-output>
          </reporter-output>
        </test-method> <!-- startUp -->
        <test-method signature="isHomepage()[pri:0, instance:ro.peViitor.LandingPageTest@65ae095c]" started-at="2022-12-19T11:23:22 EET" name="isHomepage" finished-at="2022-12-19T11:23:22 EET" duration-ms="14" status="PASS">
          <reporter-output>
          </reporter-output>
        </test-method> <!-- isHomepage -->
        <test-method signature="join_FontStyle()[pri:0, instance:ro.peViitor.LandingPageTest@65ae095c]" started-at="2022-12-19T11:23:22 EET" name="join_FontStyle" finished-at="2022-12-19T11:23:22 EET" duration-ms="18" status="PASS">
          <reporter-output>
          </reporter-output>
        </test-method> <!-- join_FontStyle -->
        <test-method signature="join_characters()[pri:0, instance:ro.peViitor.LandingPageTest@65ae095c]" started-at="2022-12-19T11:23:22 EET" name="join_characters" finished-at="2022-12-19T11:23:22 EET" duration-ms="22" status="PASS">
          <reporter-output>
          </reporter-output>
        </test-method> <!-- join_characters -->
        <test-method signature="join_color()[pri:0, instance:ro.peViitor.LandingPageTest@65ae095c]" started-at="2022-12-19T11:23:22 EET" name="join_color" finished-at="2022-12-19T11:23:22 EET" duration-ms="15" status="PASS">
          <reporter-output>
          </reporter-output>
        </test-method> <!-- join_color -->
        <test-method signature="join_font_Size()[pri:0, instance:ro.peViitor.LandingPageTest@65ae095c]" started-at="2022-12-19T11:23:22 EET" name="join_font_Size" finished-at="2022-12-19T11:23:22 EET" duration-ms="13" status="PASS">
          <reporter-output>
          </reporter-output>
        </test-method> <!-- join_font_Size -->
        <test-method signature="join_font_weight()[pri:0, instance:ro.peViitor.LandingPageTest@65ae095c]" started-at="2022-12-19T11:23:22 EET" name="join_font_weight" finished-at="2022-12-19T11:23:22 EET" duration-ms="18" status="PASS">
          <reporter-output>
          </reporter-output>
        </test-method> <!-- join_font_weight -->
        <test-method signature="join_letter_spacing()[pri:0, instance:ro.peViitor.LandingPageTest@65ae095c]" started-at="2022-12-19T11:23:22 EET" name="join_letter_spacing" finished-at="2022-12-19T11:23:22 EET" duration-ms="14" status="PASS">
          <reporter-output>
          </reporter-output>
        </test-method> <!-- join_letter_spacing -->
        <test-method signature="join_tap()[pri:0, instance:ro.peViitor.LandingPageTest@65ae095c]" started-at="2022-12-19T11:23:22 EET" name="join_tap" finished-at="2022-12-19T11:23:24 EET" duration-ms="2043" status="PASS">
          <reporter-output>
          </reporter-output>
        </test-method> <!-- join_tap -->
        <test-method signature="search_BColor()[pri:0, instance:ro.peViitor.LandingPageTest@65ae095c]" started-at="2022-12-19T11:23:24 EET" name="search_BColor" finished-at="2022-12-19T11:23:24 EET" duration-ms="16" status="PASS">
          <reporter-output>
          </reporter-output>
        </test-method> <!-- search_BColor -->
        <test-method signature="search_Center()[pri:0, instance:ro.peViitor.LandingPageTest@65ae095c]" started-at="2022-12-19T11:23:24 EET" name="search_Center" finished-at="2022-12-19T11:23:24 EET" duration-ms="12" status="PASS">
          <reporter-output>
          </reporter-output>
        </test-method> <!-- search_Center -->
        <test-method signature="search_Margin()[pri:0, instance:ro.peViitor.LandingPageTest@65ae095c]" started-at="2022-12-19T11:23:24 EET" name="search_Margin" finished-at="2022-12-19T11:23:24 EET" duration-ms="13" status="PASS">
          <reporter-output>
          </reporter-output>
        </test-method> <!-- search_Margin -->
        <test-method signature="search_border_Radius()[pri:0, instance:ro.peViitor.LandingPageTest@65ae095c]" started-at="2022-12-19T11:23:24 EET" name="search_border_Radius" finished-at="2022-12-19T11:23:24 EET" duration-ms="12" status="PASS">
          <reporter-output>
          </reporter-output>
        </test-method> <!-- search_border_Radius -->
        <test-method signature="search_fontStyle()[pri:0, instance:ro.peViitor.LandingPageTest@65ae095c]" started-at="2022-12-19T11:23:24 EET" name="search_fontStyle" finished-at="2022-12-19T11:23:24 EET" duration-ms="15" status="PASS">
          <reporter-output>
          </reporter-output>
        </test-method> <!-- search_fontStyle -->
        <test-method signature="search_height()[pri:0, instance:ro.peViitor.LandingPageTest@65ae095c]" started-at="2022-12-19T11:23:24 EET" name="search_height" finished-at="2022-12-19T11:23:24 EET" duration-ms="14" status="PASS">
          <reporter-output>
          </reporter-output>
        </test-method> <!-- search_height -->
        <test-method signature="search_tap()[pri:0, instance:ro.peViitor.LandingPageTest@65ae095c]" started-at="2022-12-19T11:23:24 EET" name="search_tap" finished-at="2022-12-19T11:23:26 EET" duration-ms="1575" status="PASS">
          <reporter-output>
          </reporter-output>
        </test-method> <!-- search_tap -->
        <test-method signature="search_text_color()[pri:0, instance:ro.peViitor.LandingPageTest@65ae095c]" started-at="2022-12-19T11:23:26 EET" name="search_text_color" finished-at="2022-12-19T11:23:26 EET" duration-ms="14" status="PASS">
          <reporter-output>
          </reporter-output>
        </test-method> <!-- search_text_color -->
        <test-method signature="search_visible()[pri:0, instance:ro.peViitor.LandingPageTest@65ae095c]" started-at="2022-12-19T11:23:26 EET" name="search_visible" finished-at="2022-12-19T11:23:26 EET" duration-ms="26" status="PASS">
          <reporter-output>
          </reporter-output>
        </test-method> <!-- search_visible -->
        <test-method is-config="true" signature="cleanUp()[pri:0, instance:ro.peViitor.LandingPageTest@65ae095c]" started-at="2022-12-19T11:23:26 EET" name="cleanUp" finished-at="2022-12-19T11:23:26 EET" duration-ms="161" status="PASS">
          <reporter-output>
          </reporter-output>
        </test-method> <!-- cleanUp -->
      </class> <!-- ro.peViitor.LandingPageTest -->
    </test> <!-- Surefire test -->
  </suite> <!-- Surefire suite -->
</testng-results>
